Determining if the pthread_create exist failed with the following output:
Change Dir: /home/patrizio/Desktop/pick_delivery/pick_delivery/prog_ws/build/robot_navigation/CMakeFiles/CMakeTmp

Run Build Command:"/usr/bin/make" "cmTC_a2fe5/fast"
/usr/bin/make -f CMakeFiles/cmTC_a2fe5.dir/build.make CMakeFiles/cmTC_a2fe5.dir/build
make[1]: Entering directory '/home/patrizio/Desktop/pick_delivery/pick_delivery/prog_ws/build/robot_navigation/CMakeFiles/CMakeTmp'
Building C object CMakeFiles/cmTC_a2fe5.dir/CheckSymbolExists.c.o
/usr/bin/cc    -o CMakeFiles/cmTC_a2fe5.dir/CheckSymbolExists.c.o   -c /home/patrizio/Desktop/pick_delivery/pick_delivery/prog_ws/build/robot_navigation/CMakeFiles/CMakeTmp/CheckSymbolExists.c
Linking C executable cmTC_a2fe5
/usr/bin/cmake -E cmake_link_script CMakeFiles/cmTC_a2fe5.dir/link.txt --verbose=1
/usr/bin/cc      -rdynamic CMakeFiles/cmTC_a2fe5.dir/CheckSymbolExists.c.o  -o cmTC_a2fe5 
CMakeFiles/cmTC_a2fe5.dir/CheckSymbolExists.c.o: In function `main':
CheckSymbolExists.c:(.text+0x1b): undefined reference to `pthread_create'
collect2: error: ld returned 1 exit status
CMakeFiles/cmTC_a2fe5.dir/build.make:97: recipe for target 'cmTC_a2fe5' failed
make[1]: *** [cmTC_a2fe5] Error 1
make[1]: Leaving directory '/home/patrizio/Desktop/pick_delivery/pick_delivery/prog_ws/build/robot_navigation/CMakeFiles/CMakeTmp'
Makefile:126: recipe for target 'cmTC_a2fe5/fast' failed
make: *** [cmTC_a2fe5/fast] Error 2

File /home/patrizio/Desktop/pick_delivery/pick_delivery/prog_ws/build/robot_navigation/CMakeFiles/CMakeTmp/CheckSymbolExists.c:
/* */
#include <pthread.h>

int main(int argc, char** argv)
{
  (void)argv;
#ifndef pthread_create
  return ((int*)(&pthread_create))[argc];
#else
  (void)argc;
  return 0;
#endif
}

Determining if the function pthread_create exists in the pthreads failed with the following output:
Change Dir: /home/patrizio/Desktop/pick_delivery/pick_delivery/prog_ws/build/robot_navigation/CMakeFiles/CMakeTmp

Run Build Command:"/usr/bin/make" "cmTC_14da5/fast"
/usr/bin/make -f CMakeFiles/cmTC_14da5.dir/build.make CMakeFiles/cmTC_14da5.dir/build
make[1]: Entering directory '/home/patrizio/Desktop/pick_delivery/pick_delivery/prog_ws/build/robot_navigation/CMakeFiles/CMakeTmp'
Building C object CMakeFiles/cmTC_14da5.dir/CheckFunctionExists.c.o
/usr/bin/cc   -DCHECK_FUNCTION_EXISTS=pthread_create   -o CMakeFiles/cmTC_14da5.dir/CheckFunctionExists.c.o   -c /usr/share/cmake-3.10/Modules/CheckFunctionExists.c
Linking C executable cmTC_14da5
/usr/bin/cmake -E cmake_link_script CMakeFiles/cmTC_14da5.dir/link.txt --verbose=1
/usr/bin/cc  -DCHECK_FUNCTION_EXISTS=pthread_create    -rdynamic CMakeFiles/cmTC_14da5.dir/CheckFunctionExists.c.o  -o cmTC_14da5 -lpthreads 
/usr/bin/ld: cannot find -lpthreads
collect2: error: ld returned 1 exit status
CMakeFiles/cmTC_14da5.dir/build.make:97: recipe for target 'cmTC_14da5' failed
make[1]: *** [cmTC_14da5] Error 1
make[1]: Leaving directory '/home/patrizio/Desktop/pick_delivery/pick_delivery/prog_ws/build/robot_navigation/CMakeFiles/CMakeTmp'
Makefile:126: recipe for target 'cmTC_14da5/fast' failed
make: *** [cmTC_14da5/fast] Error 2


