Determining if the pthread_create exist failed with the following output:
Change Dir: /home/patrizio/Desktop/pick_delivery/pick_delivery/prog_ws/build/catkin_tools_prebuild/CMakeFiles/CMakeTmp

Run Build Command:"/usr/bin/make" "cmTC_c6a93/fast"
/usr/bin/make -f CMakeFiles/cmTC_c6a93.dir/build.make CMakeFiles/cmTC_c6a93.dir/build
make[1]: Entering directory '/home/patrizio/Desktop/pick_delivery/pick_delivery/prog_ws/build/catkin_tools_prebuild/CMakeFiles/CMakeTmp'
Building C object CMakeFiles/cmTC_c6a93.dir/CheckSymbolExists.c.o
/usr/bin/cc    -o CMakeFiles/cmTC_c6a93.dir/CheckSymbolExists.c.o   -c /home/patrizio/Desktop/pick_delivery/pick_delivery/prog_ws/build/catkin_tools_prebuild/CMakeFiles/CMakeTmp/CheckSymbolExists.c
Linking C executable cmTC_c6a93
/usr/bin/cmake -E cmake_link_script CMakeFiles/cmTC_c6a93.dir/link.txt --verbose=1
/usr/bin/cc      -rdynamic CMakeFiles/cmTC_c6a93.dir/CheckSymbolExists.c.o  -o cmTC_c6a93 
CMakeFiles/cmTC_c6a93.dir/CheckSymbolExists.c.o: In function `main':
CheckSymbolExists.c:(.text+0x1b): undefined reference to `pthread_create'
collect2: error: ld returned 1 exit status
CMakeFiles/cmTC_c6a93.dir/build.make:97: recipe for target 'cmTC_c6a93' failed
make[1]: *** [cmTC_c6a93] Error 1
make[1]: Leaving directory '/home/patrizio/Desktop/pick_delivery/pick_delivery/prog_ws/build/catkin_tools_prebuild/CMakeFiles/CMakeTmp'
Makefile:126: recipe for target 'cmTC_c6a93/fast' failed
make: *** [cmTC_c6a93/fast] Error 2

File /home/patrizio/Desktop/pick_delivery/pick_delivery/prog_ws/build/catkin_tools_prebuild/CMakeFiles/CMakeTmp/CheckSymbolExists.c:
/* */
#include <pthread.h>

int main(int argc, char** argv)
{
  (void)argv;
#ifndef pthread_create
  return ((int*)(&pthread_create))[argc];
#else
  (void)argc;
  return 0;
#endif
}

Determining if the function pthread_create exists in the pthreads failed with the following output:
Change Dir: /home/patrizio/Desktop/pick_delivery/pick_delivery/prog_ws/build/catkin_tools_prebuild/CMakeFiles/CMakeTmp

Run Build Command:"/usr/bin/make" "cmTC_87eee/fast"
/usr/bin/make -f CMakeFiles/cmTC_87eee.dir/build.make CMakeFiles/cmTC_87eee.dir/build
make[1]: Entering directory '/home/patrizio/Desktop/pick_delivery/pick_delivery/prog_ws/build/catkin_tools_prebuild/CMakeFiles/CMakeTmp'
Building C object CMakeFiles/cmTC_87eee.dir/CheckFunctionExists.c.o
/usr/bin/cc   -DCHECK_FUNCTION_EXISTS=pthread_create   -o CMakeFiles/cmTC_87eee.dir/CheckFunctionExists.c.o   -c /usr/share/cmake-3.10/Modules/CheckFunctionExists.c
Linking C executable cmTC_87eee
/usr/bin/cmake -E cmake_link_script CMakeFiles/cmTC_87eee.dir/link.txt --verbose=1
/usr/bin/cc  -DCHECK_FUNCTION_EXISTS=pthread_create    -rdynamic CMakeFiles/cmTC_87eee.dir/CheckFunctionExists.c.o  -o cmTC_87eee -lpthreads 
/usr/bin/ld: cannot find -lpthreads
collect2: error: ld returned 1 exit status
CMakeFiles/cmTC_87eee.dir/build.make:97: recipe for target 'cmTC_87eee' failed
make[1]: *** [cmTC_87eee] Error 1
make[1]: Leaving directory '/home/patrizio/Desktop/pick_delivery/pick_delivery/prog_ws/build/catkin_tools_prebuild/CMakeFiles/CMakeTmp'
Makefile:126: recipe for target 'cmTC_87eee/fast' failed
make: *** [cmTC_87eee/fast] Error 2


