[  0%] Built target std_msgs_generate_messages_py
[  0%] Built target std_msgs_generate_messages_eus
[  0%] Built target std_msgs_generate_messages_cpp
[  0%] Built target std_msgs_generate_messages_nodejs
[  0%] Built target std_msgs_generate_messages_lisp
[  0%] Built target _robot_navigation_generate_messages_check_deps_new_goal
[  9%] Built target robot_navigation_generate_messages_nodejs
[ 27%] Built target robot_navigation_generate_messages_eus
[ 36%] Built target robot_navigation_generate_messages_lisp
[ 54%] Built target robot_navigation_generate_messages_py
[ 63%] Built target robot_navigation_generate_messages_cpp
[35m[1mScanning dependencies of target pub[0m
[35m[1mScanning dependencies of target Set_Goal[0m
[ 63%] Built target robot_navigation_generate_messages
[ 72%] [32mBuilding CXX object CMakeFiles/pub.dir/src/pub.cpp.o[0m
[ 81%] [32mBuilding CXX object CMakeFiles/Set_Goal.dir/src/stack_navigation.cpp.o[0m
[ 90%] [32m[1mLinking CXX executable /home/patrizio/Desktop/pick_delivery/pick_delivery/prog_ws/devel/.private/robot_navigation/lib/robot_navigation/pub[0m
[ 90%] Built target pub
[100%] [32m[1mLinking CXX executable /home/patrizio/Desktop/pick_delivery/pick_delivery/prog_ws/devel/.private/robot_navigation/lib/robot_navigation/Set_Goal[0m
[100%] Built target Set_Goal
