In file included from [01m[K/opt/ros/melodic/include/ros/ros.h:40:0[m[K,
                 from [01m[K/home/patrizio/Desktop/pick_delivery/pick_delivery/prog_ws/src/robot_navigation/src/stack_navigation.cpp:1[m[K:
[01m[K/home/patrizio/Desktop/pick_delivery/pick_delivery/prog_ws/src/robot_navigation/src/stack_navigation.cpp:[m[K In function ‘[01m[Kvoid setGoal_CallBack(const new_goal&)[m[K’:
[01m[K/home/patrizio/Desktop/pick_delivery/pick_delivery/prog_ws/src/robot_navigation/src/stack_navigation.cpp:122:41:[m[K [01;31m[Kerror: [m[Kinvalid operands of types ‘[01m[Kconst char [17][m[K’ and ‘[01m[Kfloat[m[K’ to binary ‘[01m[Koperator+[m[K’
             ROS_INFO([01;31m[K"coordinata x è " + x[m[Ks );
                      [01;31m[K~~~~~~~~~~~~~~~~~~~^~~[m[K
[01m[K/opt/ros/melodic/include/ros/console.h:348:165:[m[K [01;36m[Knote: [m[Kin definition of macro ‘[01m[KROSCONSOLE_PRINT_AT_LOCATION_WITH_FILTER[m[K’
     ::ros::console::print(filter, __rosconsole_define_location__loc.logger_, __rosconsole_define_location__loc.level_, __FILE__, __LINE__, __ROSCONSOLE_FUNCTION__, [01;36m[K__VA_ARGS__[m[K)
                                                                                                                                                                     [01;36m[K^~~~~~~~~~~[m[K
[01m[K/opt/ros/melodic/include/ros/console.h:387:7:[m[K [01;36m[Knote: [m[Kin expansion of macro ‘[01m[KROSCONSOLE_PRINT_AT_LOCATION[m[K’
       [01;36m[KROSCONSOLE_PRINT_AT_LOCATION[m[K(__VA_ARGS__); \
       [01;36m[K^~~~~~~~~~~~~~~~~~~~~~~~~~~~[m[K
[01m[K/opt/ros/melodic/include/ros/console.h:572:35:[m[K [01;36m[Knote: [m[Kin expansion of macro ‘[01m[KROS_LOG_COND[m[K’
 #define ROS_LOG(level, name, ...) [01;36m[KROS_LOG_COND[m[K(true, level, name, __VA_ARGS__)
                                   [01;36m[K^~~~~~~~~~~~[m[K
[01m[K/opt/ros/melodic/include/rosconsole/macros_generated.h:110:23:[m[K [01;36m[Knote: [m[Kin expansion of macro ‘[01m[KROS_LOG[m[K’
 #define ROS_INFO(...) [01;36m[KROS_LOG[m[K(::ros::console::levels::Info, ROSCONSOLE_DEFAULT_NAME, __VA_ARGS__)
                       [01;36m[K^~~~~~~[m[K
[01m[K/home/patrizio/Desktop/pick_delivery/pick_delivery/prog_ws/src/robot_navigation/src/stack_navigation.cpp:122:13:[m[K [01;36m[Knote: [m[Kin expansion of macro ‘[01m[KROS_INFO[m[K’
             [01;36m[KR[m[KOS_INFO("coordinata x è " + xs );
             [01;36m[K^[m[K
[01m[K/home/patrizio/Desktop/pick_delivery/pick_delivery/prog_ws/src/robot_navigation/src/stack_navigation.cpp:123:41:[m[K [01;31m[Kerror: [m[Kinvalid operands of types ‘[01m[Kconst char [17][m[K’ and ‘[01m[Kfloat[m[K’ to binary ‘[01m[Koperator+[m[K’
             ROS_INFO([01;31m[K"coordinata x è " + y[m[Ks );
                      [01;31m[K~~~~~~~~~~~~~~~~~~~^~~[m[K
[01m[K/opt/ros/melodic/include/ros/console.h:348:165:[m[K [01;36m[Knote: [m[Kin definition of macro ‘[01m[KROSCONSOLE_PRINT_AT_LOCATION_WITH_FILTER[m[K’
     ::ros::console::print(filter, __rosconsole_define_location__loc.logger_, __rosconsole_define_location__loc.level_, __FILE__, __LINE__, __ROSCONSOLE_FUNCTION__, [01;36m[K__VA_ARGS__[m[K)
                                                                                                                                                                     [01;36m[K^~~~~~~~~~~[m[K
[01m[K/opt/ros/melodic/include/ros/console.h:387:7:[m[K [01;36m[Knote: [m[Kin expansion of macro ‘[01m[KROSCONSOLE_PRINT_AT_LOCATION[m[K’
       [01;36m[KROSCONSOLE_PRINT_AT_LOCATION[m[K(__VA_ARGS__); \
       [01;36m[K^~~~~~~~~~~~~~~~~~~~~~~~~~~~[m[K
[01m[K/opt/ros/melodic/include/ros/console.h:572:35:[m[K [01;36m[Knote: [m[Kin expansion of macro ‘[01m[KROS_LOG_COND[m[K’
 #define ROS_LOG(level, name, ...) [01;36m[KROS_LOG_COND[m[K(true, level, name, __VA_ARGS__)
                                   [01;36m[K^~~~~~~~~~~~[m[K
[01m[K/opt/ros/melodic/include/rosconsole/macros_generated.h:110:23:[m[K [01;36m[Knote: [m[Kin expansion of macro ‘[01m[KROS_LOG[m[K’
 #define ROS_INFO(...) [01;36m[KROS_LOG[m[K(::ros::console::levels::Info, ROSCONSOLE_DEFAULT_NAME, __VA_ARGS__)
                       [01;36m[K^~~~~~~[m[K
[01m[K/home/patrizio/Desktop/pick_delivery/pick_delivery/prog_ws/src/robot_navigation/src/stack_navigation.cpp:123:13:[m[K [01;36m[Knote: [m[Kin expansion of macro ‘[01m[KROS_INFO[m[K’
             [01;36m[KR[m[KOS_INFO("coordinata x è " + ys );
             [01;36m[K^[m[K
[01m[K/home/patrizio/Desktop/pick_delivery/pick_delivery/prog_ws/src/robot_navigation/src/stack_navigation.cpp:124:41:[m[K [01;31m[Kerror: [m[Kinvalid operands of types ‘[01m[Kconst char [17][m[K’ and ‘[01m[Kfloat[m[K’ to binary ‘[01m[Koperator+[m[K’
             ROS_INFO([01;31m[K"coordinata x è " + t[m[Ks );
                      [01;31m[K~~~~~~~~~~~~~~~~~~~^~~[m[K
[01m[K/opt/ros/melodic/include/ros/console.h:348:165:[m[K [01;36m[Knote: [m[Kin definition of macro ‘[01m[KROSCONSOLE_PRINT_AT_LOCATION_WITH_FILTER[m[K’
     ::ros::console::print(filter, __rosconsole_define_location__loc.logger_, __rosconsole_define_location__loc.level_, __FILE__, __LINE__, __ROSCONSOLE_FUNCTION__, [01;36m[K__VA_ARGS__[m[K)
                                                                                                                                                                     [01;36m[K^~~~~~~~~~~[m[K
[01m[K/opt/ros/melodic/include/ros/console.h:387:7:[m[K [01;36m[Knote: [m[Kin expansion of macro ‘[01m[KROSCONSOLE_PRINT_AT_LOCATION[m[K’
       [01;36m[KROSCONSOLE_PRINT_AT_LOCATION[m[K(__VA_ARGS__); \
       [01;36m[K^~~~~~~~~~~~~~~~~~~~~~~~~~~~[m[K
[01m[K/opt/ros/melodic/include/ros/console.h:572:35:[m[K [01;36m[Knote: [m[Kin expansion of macro ‘[01m[KROS_LOG_COND[m[K’
 #define ROS_LOG(level, name, ...) [01;36m[KROS_LOG_COND[m[K(true, level, name, __VA_ARGS__)
                                   [01;36m[K^~~~~~~~~~~~[m[K
[01m[K/opt/ros/melodic/include/rosconsole/macros_generated.h:110:23:[m[K [01;36m[Knote: [m[Kin expansion of macro ‘[01m[KROS_LOG[m[K’
 #define ROS_INFO(...) [01;36m[KROS_LOG[m[K(::ros::console::levels::Info, ROSCONSOLE_DEFAULT_NAME, __VA_ARGS__)
                       [01;36m[K^~~~~~~[m[K
[01m[K/home/patrizio/Desktop/pick_delivery/pick_delivery/prog_ws/src/robot_navigation/src/stack_navigation.cpp:124:13:[m[K [01;36m[Knote: [m[Kin expansion of macro ‘[01m[KROS_INFO[m[K’
             [01;36m[KR[m[KOS_INFO("coordinata x è " + ts );
             [01;36m[K^[m[K
make[2]: *** [CMakeFiles/Set_Goal.dir/src/stack_navigation.cpp.o] Error 1
make[1]: *** [CMakeFiles/Set_Goal.dir/all] Error 2
make: *** [all] Error 2
