[01m[K/home/patrizio/Desktop/pick_delivery/pick_delivery/prog_ws/src/robot_navigation/src/stack_navigation.cpp:[m[K In function ‘[01m[Kvoid setGoal_CallBack(const new_goal&)[m[K’:
[01m[K/home/patrizio/Desktop/pick_delivery/pick_delivery/prog_ws/src/robot_navigation/src/stack_navigation.cpp:50:5:[m[K [01;31m[Kerror: [m[Kexpected ‘[01m[K;[m[K’ before ‘[01m[Knew_goal_message[m[K’
     [01;31m[Knew_goal_message[m[K.pose.position.x=new_goal.x;
     [01;31m[K^~~~~~~~~~~~~~~~[m[K
[01m[K/home/patrizio/Desktop/pick_delivery/pick_delivery/prog_ws/src/robot_navigation/src/stack_navigation.cpp:52:36:[m[K [01;31m[Kerror: [m[Kno match for ‘[01m[Koperator=[m[K’ (operand types are ‘[01m[Kgeometry_msgs::Pose_<std::allocator<void> >::_position_type {aka geometry_msgs::Point_<std::allocator<void> >}[m[K’ and ‘[01m[Kint[m[K’)
     new_goal_message.pose.position=[01;31m[K0[m[K;
                                    [01;31m[K^[m[K
In file included from [01m[K/opt/ros/melodic/include/geometry_msgs/Pose.h:18:0[m[K,
                 from [01m[K/opt/ros/melodic/include/geometry_msgs/PoseWithCovariance.h:18[m[K,
                 from [01m[K/opt/ros/melodic/include/nav_msgs/Odometry.h:19[m[K,
                 from [01m[K/home/patrizio/Desktop/pick_delivery/pick_delivery/prog_ws/src/robot_navigation/src/stack_navigation.cpp:2[m[K:
[01m[K/opt/ros/melodic/include/geometry_msgs/Point.h:22:8:[m[K [01;36m[Knote: [m[Kcandidate: constexpr geometry_msgs::Point_<std::allocator<void> >& geometry_msgs::Point_<std::allocator<void> >::operator=(const geometry_msgs::Point_<std::allocator<void> >&)
 struct [01;36m[KPoint_[m[K
        [01;36m[K^~~~~~[m[K
[01m[K/opt/ros/melodic/include/geometry_msgs/Point.h:22:8:[m[K [01;36m[Knote: [m[K  no known conversion for argument 1 from ‘[01m[Kint[m[K’ to ‘[01m[Kconst geometry_msgs::Point_<std::allocator<void> >&[m[K’
[01m[K/opt/ros/melodic/include/geometry_msgs/Point.h:22:8:[m[K [01;36m[Knote: [m[Kcandidate: constexpr geometry_msgs::Point_<std::allocator<void> >& geometry_msgs::Point_<std::allocator<void> >::operator=(geometry_msgs::Point_<std::allocator<void> >&&)
[01m[K/opt/ros/melodic/include/geometry_msgs/Point.h:22:8:[m[K [01;36m[Knote: [m[K  no known conversion for argument 1 from ‘[01m[Kint[m[K’ to ‘[01m[Kgeometry_msgs::Point_<std::allocator<void> >&&[m[K’
[01m[K/home/patrizio/Desktop/pick_delivery/pick_delivery/prog_ws/src/robot_navigation/src/stack_navigation.cpp:54:42:[m[K [01;31m[Kerror: [m[Kexpected ‘[01m[K;[m[K’ before ‘[01m[K:[m[K’ token
     new_goal_message.pose.orientation.x=0[01;31m[K:[m[K
                                          [01;31m[K^[m[K
[01m[K/home/patrizio/Desktop/pick_delivery/pick_delivery/prog_ws/src/robot_navigation/src/stack_navigation.cpp:56:39:[m[K [01;31m[Kerror: [m[K‘[01m[Kgeometry_msgs::Pose_<std::allocator<void> >::_orientation_type {aka struct geometry_msgs::Quaternion_<std::allocator<void> >}[m[K’ has no member named ‘[01m[Ktheta[m[K’
     new_goal_message.pose.orientation.[01;31m[Ktheta[m[K=0;
                                       [01;31m[K^~~~~[m[K
[01m[K/home/patrizio/Desktop/pick_delivery/pick_delivery/prog_ws/src/robot_navigation/src/stack_navigation.cpp:[m[K At global scope:
[01m[K/home/patrizio/Desktop/pick_delivery/pick_delivery/prog_ws/src/robot_navigation/src/stack_navigation.cpp:66:33:[m[K [01;31m[Kerror: [m[Kfound ‘[01m[K:[m[K’ in nested-name-specifier, expected ‘[01m[K::[m[K’
 void position_CallBack(const tf2[01;31m[K:[m[Kmsgs::TFMessage& tf){
                                 [01;31m[K^[m[K
[01m[K/home/patrizio/Desktop/pick_delivery/pick_delivery/prog_ws/src/robot_navigation/src/stack_navigation.cpp:66:34:[m[K [01;31m[Kerror: [m[K‘[01m[Kmsgs[m[K’ in namespace ‘[01m[Ktf2[m[K’ does not name a type
 void position_CallBack(const tf2:[01;31m[Kmsgs[m[K::TFMessage& tf){
                                  [01;31m[K^~~~[m[K
[01m[K/home/patrizio/Desktop/pick_delivery/pick_delivery/prog_ws/src/robot_navigation/src/stack_navigation.cpp:66:49:[m[K [01;31m[Kerror: [m[Kexpected unqualified-id before ‘[01m[K&[m[K’ token
 void position_CallBack(const tf2:msgs::TFMessage[01;31m[K&[m[K tf){
                                                 [01;31m[K^[m[K
[01m[K/home/patrizio/Desktop/pick_delivery/pick_delivery/prog_ws/src/robot_navigation/src/stack_navigation.cpp:66:49:[m[K [01;31m[Kerror: [m[Kexpected ‘[01m[K)[m[K’ before ‘[01m[K&[m[K’ token
[01m[K/home/patrizio/Desktop/pick_delivery/pick_delivery/prog_ws/src/robot_navigation/src/stack_navigation.cpp:66:51:[m[K [01;31m[Kerror: [m[Kexpected initializer before ‘[01m[Ktf[m[K’
 void position_CallBack(const tf2:msgs::TFMessage& [01;31m[Ktf[m[K){
                                                   [01;31m[K^~[m[K
[01m[K/home/patrizio/Desktop/pick_delivery/pick_delivery/prog_ws/src/robot_navigation/src/stack_navigation.cpp:83:33:[m[K [01;31m[Kerror: [m[K‘[01m[KTimeEvent[m[K’ in namespace ‘[01m[Kros[m[K’ does not name a type
 void check1_callBack(const ros::[01;31m[KTimeEvent[m[K& event){
                                 [01;31m[K^~~~~~~~~[m[K
[01m[K/home/patrizio/Desktop/pick_delivery/pick_delivery/prog_ws/src/robot_navigation/src/stack_navigation.cpp:[m[K In function ‘[01m[Kvoid check1_callBack(const int&)[m[K’:
[01m[K/home/patrizio/Desktop/pick_delivery/pick_delivery/prog_ws/src/robot_navigation/src/stack_navigation.cpp:88:9:[m[K [01;31m[Kerror: [m[Kexpected ‘[01m[K;[m[K’ before ‘[01m[Kif[m[K’
         [01;31m[Kif[m[K(distance < 0.5){
         [01;31m[K^~[m[K
[01m[K/home/patrizio/Desktop/pick_delivery/pick_delivery/prog_ws/src/robot_navigation/src/stack_navigation.cpp:[m[K At global scope:
[01m[K/home/patrizio/Desktop/pick_delivery/pick_delivery/prog_ws/src/robot_navigation/src/stack_navigation.cpp:102:33:[m[K [01;31m[Kerror: [m[K‘[01m[KTimeEvent[m[K’ in namespace ‘[01m[Kros[m[K’ does not name a type
 void check2_callBack(const ros::[01;31m[KTimeEvent[m[K& event){
                                 [01;31m[K^~~~~~~~~[m[K
[01m[K/home/patrizio/Desktop/pick_delivery/pick_delivery/prog_ws/src/robot_navigation/src/stack_navigation.cpp:[m[K In function ‘[01m[Kvoid check2_callBack(const int&)[m[K’:
[01m[K/home/patrizio/Desktop/pick_delivery/pick_delivery/prog_ws/src/robot_navigation/src/stack_navigation.cpp:105:9:[m[K [01;31m[Kerror: [m[K‘[01m[Kdistance[m[K’ was not declared in this scope
         [01;31m[Kdistance[m[K=sqrt(pow(current_position[0]-target_position[0],2)+pow(current_position[1]-target_position[1],2));
         [01;31m[K^~~~~~~~[m[K
[01m[K/home/patrizio/Desktop/pick_delivery/pick_delivery/prog_ws/src/robot_navigation/src/stack_navigation.cpp:105:9:[m[K [01;36m[Knote: [m[Ksuggested alternatives:
In file included from [01m[K/usr/include/c++/7/bits/stl_algobase.h:66:0[m[K,
                 from [01m[K/usr/include/c++/7/bits/char_traits.h:39[m[K,
                 from [01m[K/usr/include/c++/7/string:40[m[K,
                 from [01m[K/opt/ros/melodic/include/ros/platform.h:38[m[K,
                 from [01m[K/opt/ros/melodic/include/ros/time.h:53[m[K,
                 from [01m[K/opt/ros/melodic/include/ros/ros.h:38[m[K,
                 from [01m[K/home/patrizio/Desktop/pick_delivery/pick_delivery/prog_ws/src/robot_navigation/src/stack_navigation.cpp:1[m[K:
[01m[K/usr/include/c++/7/bits/stl_iterator_base_funcs.h:138:5:[m[K [01;36m[Knote: [m[K  ‘[01m[Kstd::distance[m[K’
     [01;36m[Kdistance[m[K(_InputIterator __first, _InputIterator __last)
     [01;36m[K^~~~~~~~[m[K
In file included from [01m[K/usr/include/boost/range/functions.hpp:21:0[m[K,
                 from [01m[K/usr/include/boost/range/iterator_range_core.hpp:38[m[K,
                 from [01m[K/usr/include/boost/lexical_cast.hpp:30[m[K,
                 from [01m[K/opt/ros/melodic/include/ros/transport_hints.h:34[m[K,
                 from [01m[K/opt/ros/melodic/include/ros/subscribe_options.h:33[m[K,
                 from [01m[K/opt/ros/melodic/include/ros/node_handle.h:42[m[K,
                 from [01m[K/opt/ros/melodic/include/ros/ros.h:45[m[K,
                 from [01m[K/home/patrizio/Desktop/pick_delivery/pick_delivery/prog_ws/src/robot_navigation/src/stack_navigation.cpp:1[m[K:
[01m[K/usr/include/boost/range/distance.hpp:27:5:[m[K [01;36m[Knote: [m[K  ‘[01m[Kboost::distance[m[K’
     [01;36m[Kdistance[m[K( const T& r )
     [01;36m[K^~~~~~~~[m[K
In file included from [01m[K/usr/include/boost/mpl/vector/aux_/iterator.hpp:22:0[m[K,
                 from [01m[K/usr/include/boost/mpl/vector/aux_/vector0.hpp:22[m[K,
                 from [01m[K/usr/include/boost/mpl/vector/aux_/clear.hpp:18[m[K,
                 from [01m[K/usr/include/boost/mpl/vector/vector0.hpp:24[m[K,
                 from [01m[K/usr/include/boost/mpl/vector/vector10.hpp:18[m[K,
                 from [01m[K/usr/include/boost/mpl/vector/vector20.hpp:18[m[K,
                 from [01m[K/usr/include/boost/mpl/vector.hpp:36[m[K,
                 from [01m[K/usr/include/boost/math/policies/policy.hpp:14[m[K,
                 from [01m[K/usr/include/boost/math/policies/error_handling.hpp:21[m[K,
                 from [01m[K/usr/include/boost/math/special_functions/round.hpp:14[m[K,
                 from [01m[K/opt/ros/melodic/include/ros/time.h:58[m[K,
                 from [01m[K/opt/ros/melodic/include/ros/ros.h:38[m[K,
                 from [01m[K/home/patrizio/Desktop/pick_delivery/pick_delivery/prog_ws/src/robot_navigation/src/stack_navigation.cpp:1[m[K:
[01m[K/usr/include/boost/mpl/distance_fwd.hpp:24:50:[m[K [01;36m[Knote: [m[K  ‘[01m[Kboost::mpl::distance[m[K’
 template< typename First, typename Last > struct [01;36m[Kdistance[m[K;
                                                  [01;36m[K^~~~~~~~[m[K
In file included from [01m[K/usr/include/c++/7/bits/stl_algobase.h:66:0[m[K,
                 from [01m[K/usr/include/c++/7/bits/char_traits.h:39[m[K,
                 from [01m[K/usr/include/c++/7/string:40[m[K,
                 from [01m[K/opt/ros/melodic/include/ros/platform.h:38[m[K,
                 from [01m[K/opt/ros/melodic/include/ros/time.h:53[m[K,
                 from [01m[K/opt/ros/melodic/include/ros/ros.h:38[m[K,
                 from [01m[K/home/patrizio/Desktop/pick_delivery/pick_delivery/prog_ws/src/robot_navigation/src/stack_navigation.cpp:1[m[K:
[01m[K/usr/include/c++/7/bits/stl_iterator_base_funcs.h:138:5:[m[K [01;36m[Knote: [m[K  ‘[01m[Kstd::distance[m[K’
     [01;36m[Kdistance[m[K(_InputIterator __first, _InputIterator __last)
     [01;36m[K^~~~~~~~[m[K
[01m[K/home/patrizio/Desktop/pick_delivery/pick_delivery/prog_ws/src/robot_navigation/src/stack_navigation.cpp:[m[K In function ‘[01m[Kint main(int, char**)[m[K’:
[01m[K/home/patrizio/Desktop/pick_delivery/pick_delivery/prog_ws/src/robot_navigation/src/stack_navigation.cpp:115:5:[m[K [01;31m[Kerror: [m[Kexpected ‘[01m[K;[m[K’ before ‘[01m[Kros[m[K’
     [01;31m[Kros[m[K::NodeHandle n;
     [01;31m[K^~~[m[K
[01m[K/home/patrizio/Desktop/pick_delivery/pick_delivery/prog_ws/src/robot_navigation/src/stack_navigation.cpp:116:26:[m[K [01;31m[Kerror: [m[Krequest for member ‘[01m[Kadvertise[m[K’ in ‘[01m[Kn[m[K’, which is of non-class type ‘[01m[Ksize_t {aka long unsigned int}[m[K’
     ros::Publisher pub=n.[01;31m[Kadvertise[m[K<geomtry_msgs::PoseStamped>("/move_base_simple/goal",1000);
                          [01;31m[K^~~~~~~~~[m[K
[01m[K/home/patrizio/Desktop/pick_delivery/pick_delivery/prog_ws/src/robot_navigation/src/stack_navigation.cpp:116:36:[m[K [01;31m[Kerror: [m[K‘[01m[Kgeomtry_msgs[m[K’ has not been declared
     ros::Publisher pub=n.advertise<[01;31m[Kgeomtry_msgs[m[K::PoseStamped>("/move_base_simple/goal",1000);
                                    [01;31m[K^~~~~~~~~~~~[m[K
[01m[K/home/patrizio/Desktop/pick_delivery/pick_delivery/prog_ws/src/robot_navigation/src/stack_navigation.cpp:120:25:[m[K [01;31m[Kerror: [m[K‘[01m[KT[m[K’ was not declared in this scope
     ros::Rate loop_rate([01;31m[KT[m[K);
                         [01;31m[K^[m[K
[01m[K/home/patrizio/Desktop/pick_delivery/pick_delivery/prog_ws/src/robot_navigation/src/stack_navigation.cpp:122:27:[m[K [01;31m[Kerror: [m[Krequest for member ‘[01m[Ksubscribe[m[K’ in ‘[01m[Kn[m[K’, which is of non-class type ‘[01m[Ksize_t {aka long unsigned int}[m[K’
     ros::Subscriber sub=n.[01;31m[Ksubscribe[m[K("new_goal",1000,SetGoal_CallBack);
                           [01;31m[K^~~~~~~~~[m[K
[01m[K/home/patrizio/Desktop/pick_delivery/pick_delivery/prog_ws/src/robot_navigation/src/stack_navigation.cpp:122:53:[m[K [01;31m[Kerror: [m[K‘[01m[KSetGoal_CallBack[m[K’ was not declared in this scope
     ros::Subscriber sub=n.subscribe("new_goal",1000,[01;31m[KSetGoal_CallBack[m[K);
                                                     [01;31m[K^~~~~~~~~~~~~~~~[m[K
[01m[K/home/patrizio/Desktop/pick_delivery/pick_delivery/prog_ws/src/robot_navigation/src/stack_navigation.cpp:122:53:[m[K [01;36m[Knote: [m[Ksuggested alternative: ‘[01m[KsetGoal_CallBack[m[K’
     ros::Subscriber sub=n.subscribe("new_goal",1000,[01;36m[KSetGoal_CallBack[m[K);
                                                     [01;36m[K^~~~~~~~~~~~~~~~[m[K
                                                     [32m[KsetGoal_CallBack[m[K
[01m[K/home/patrizio/Desktop/pick_delivery/pick_delivery/prog_ws/src/robot_navigation/src/stack_navigation.cpp:123:30:[m[K [01;31m[Kerror: [m[Krequest for member ‘[01m[Ksubscribe[m[K’ in ‘[01m[Kn[m[K’, which is of non-class type ‘[01m[Ksize_t {aka long unsigned int}[m[K’
     ros::Subscriber sub_tf=n.[01;31m[Ksubscribe[m[K("tf",1000,position_CallBack);
                              [01;31m[K^~~~~~~~~[m[K
[01m[K/home/patrizio/Desktop/pick_delivery/pick_delivery/prog_ws/src/robot_navigation/src/stack_navigation.cpp:123:50:[m[K [01;31m[Kerror: [m[K‘[01m[Kposition_CallBack[m[K’ was not declared in this scope
     ros::Subscriber sub_tf=n.subscribe("tf",1000,[01;31m[Kposition_CallBack[m[K);
                                                  [01;31m[K^~~~~~~~~~~~~~~~~[m[K
[01m[K/home/patrizio/Desktop/pick_delivery/pick_delivery/prog_ws/src/robot_navigation/src/stack_navigation.cpp:123:50:[m[K [01;36m[Knote: [m[Ksuggested alternative: ‘[01m[KsetGoal_CallBack[m[K’
     ros::Subscriber sub_tf=n.subscribe("tf",1000,[01;36m[Kposition_CallBack[m[K);
                                                  [01;36m[K^~~~~~~~~~~~~~~~~[m[K
                                                  [32m[KsetGoal_CallBack[m[K
[01m[K/home/patrizio/Desktop/pick_delivery/pick_delivery/prog_ws/src/robot_navigation/src/stack_navigation.cpp:127:27:[m[K [01;31m[Kerror: [m[Krequest for member ‘[01m[KcreateTimer[m[K’ in ‘[01m[Kn[m[K’, which is of non-class type ‘[01m[Ksize_t {aka long unsigned int}[m[K’
     ros::Timer timer1 = n.[01;31m[KcreateTimer[m[K(ros::Duration(0,5),check1_callBack);
                           [01;31m[K^~~~~~~~~~~[m[K
[01m[K/home/patrizio/Desktop/pick_delivery/pick_delivery/prog_ws/src/robot_navigation/src/stack_navigation.cpp:128:27:[m[K [01;31m[Kerror: [m[Krequest for member ‘[01m[KcreateTimer[m[K’ in ‘[01m[Kn[m[K’, which is of non-class type ‘[01m[Ksize_t {aka long unsigned int}[m[K’
     ros::Timer timer2 = n.[01;31m[KcreateTimer[m[K(ros::Duration(50),check2_callBack);
                           [01;31m[K^~~~~~~~~~~[m[K
make[2]: *** [CMakeFiles/Set_Goal.dir/src/stack_navigation.cpp.o] Error 1
make[1]: *** [CMakeFiles/Set_Goal.dir/all] Error 2
make: *** [all] Error 2
